[debug] [2021-06-28T16:18:39.937Z] ----------------------------------------------------------------------
[debug] [2021-06-28T16:18:39.940Z] Command:       C:\Program Files\nodejs\node.exe C:\Users\ragha\AppData\Roaming\npm\node_modules\firebase-tools\lib\bin\firebase.js init
[debug] [2021-06-28T16:18:39.941Z] CLI Version:   9.14.0
[debug] [2021-06-28T16:18:39.941Z] Platform:      win32
[debug] [2021-06-28T16:18:39.941Z] Node Version:  v14.16.1
[debug] [2021-06-28T16:18:39.942Z] Time:          Mon Jun 28 2021 21:48:39 GMT+0530 (India Standard Time)
[debug] [2021-06-28T16:18:39.943Z] ----------------------------------------------------------------------
[debug] 
[debug] [2021-06-28T16:18:39.952Z] > command requires scopes: ["email","openid","https://www.googleapis.com/auth/cloudplatformprojects.readonly","https://www.googleapis.com/auth/firebase","https://www.googleapis.com/auth/cloud-platform"]
[debug] [2021-06-28T16:18:39.953Z] > authorizing via signed-in user (raghavendra5240@gmail.com)
[info] 
     ######## #### ########  ######## ########     ###     ######  ########
     ##        ##  ##     ## ##       ##     ##  ##   ##  ##       ##
     ######    ##  ########  ######   ########  #########  ######  ######
     ##        ##  ##    ##  ##       ##     ## ##     ##       ## ##
     ##       #### ##     ## ######## ########  ##     ##  ######  ########

You're about to initialize a Firebase project in this directory:

  F:\amazon-clone\amazon-clone

[info] 
=== Project Setup
[info] 
[info] First, let's associate this project directory with a Firebase project.
[info] You can create multiple project aliases by running firebase use --add, 
[info] but for now we'll just set up a default project.
[info] 
[debug] [2021-06-28T16:18:55.286Z] >>> [apiv2][query] GET https://firebase.googleapis.com/v1beta1/projects pageSize=100
[debug] [2021-06-28T16:18:55.950Z] <<< [apiv2][status] GET https://firebase.googleapis.com/v1beta1/projects 200
[debug] [2021-06-28T16:18:55.950Z] <<< [apiv2][body] GET https://firebase.googleapis.com/v1beta1/projects [omitted]
[info] i  Using project ecom-ef958 (ecom) 
[info] 
=== Hosting Setup
[info] 
[info] Your public directory is the folder (relative to your project directory) that
[info] will contain Hosting assets to be uploaded with firebase deploy. If you
[info] have a build process for your assets, use your build's output directory.
[info] 
[debug] [2021-06-28T16:19:09.694Z] >>> [apiv2][query] GET https://www.gstatic.com/firebasejs/releases.json [none]
[debug] [2021-06-28T16:19:09.836Z] <<< [apiv2][status] GET https://www.gstatic.com/firebasejs/releases.json 200
[debug] [2021-06-28T16:19:09.837Z] <<< [apiv2][body] GET https://www.gstatic.com/firebasejs/releases.json {"current":{"version":"8.6.8","browserURL":"https://www.gstatic.com/firebasejs/8.6.8/firebase.js","packageURL":"https://www.gstatic.com/firebasejs/8.6.8/firebase.tgz"},"live":{"version":"8.6","browserURL":"https://www.gstatic.com/firebasejs/live/8.6/firebase.js","packageURL":"https://www.gstatic.com/firebasejs/live/8.6/firebase.tgz"},"components":{"analytics":"https://www.gstatic.com/firebasejs/8.6.8/firebase-analytics.js","app":"https://www.gstatic.com/firebasejs/8.6.8/firebase-app.js","app-check":"https://www.gstatic.com/firebasejs/8.6.8/firebase-app-check.js","auth":"https://www.gstatic.com/firebasejs/8.6.8/firebase-auth.js","database":"https://www.gstatic.com/firebasejs/8.6.8/firebase-database.js","firestore":"https://www.gstatic.com/firebasejs/8.6.8/firebase-firestore.js","functions":"https://www.gstatic.com/firebasejs/8.6.8/firebase-functions.js","installations":"https://www.gstatic.com/firebasejs/8.6.8/firebase-installations.js","messaging":"https://www.gstatic.com/firebasejs/8.6.8/firebase-messaging.js","storage":"https://www.gstatic.com/firebasejs/8.6.8/firebase-storage.js","performance":"https://www.gstatic.com/firebasejs/8.6.8/firebase-performance.js","remote-config":"https://www.gstatic.com/firebasejs/8.6.8/firebase-remote-config.js","firestore.memory":"https://www.gstatic.com/firebasejs/8.6.8/firebase-firestore.memory.js"}}
[info] +  Wrote build/index.html 
[info] 
[info] i  Detected a .git folder at F:\amazon-clone\amazon-clone 
[info] i  Authorizing with GitHub to upload your service account to a GitHub repository's secrets store. 
[info] 
[info] Visit this URL on this device to log in:
[info] https://github.com/login/oauth/authorize?client_id=89cf50f02ac6aaed3484&state=482365918&redirect_uri=http%3A%2F%2Flocalhost%3A9005&scope=read%3Auser%20repo%20public_repo
[info] 
[info] Waiting for authentication...
[debug] [2021-06-28T16:19:11.771Z] >>> HTTP REQUEST POST https://github.com/login/oauth/access_token  
 {"client_id":"89cf50f02ac6aaed3484","client_secret":"3330d14abc895d9a74d5f17cd7a00711fa2c5bf0","code":"ac80fa8a6ef4118079cc","redirect_uri":"http://localhost:9005","state":"482365918"}
[debug] [2021-06-28T16:19:12.178Z] <<< HTTP RESPONSE 200 {"server":"GitHub.com","date":"Mon, 28 Jun 2021 16:19:12 GMT","content-type":"application/json; charset=utf-8","transfer-encoding":"chunked","vary":"X-PJAX, Accept-Encoding, Accept, X-Requested-With","permissions-policy":"interest-cohort=()","etag":"W/\"b97ceecf62338f7f2e087cd43049adf1\"","cache-control":"max-age=0, private, must-revalidate","strict-transport-security":"max-age=31536000; includeSubdomains; preload","x-frame-options":"deny","x-content-type-options":"nosniff","x-xss-protection":"0","referrer-policy":"origin-when-cross-origin, strict-origin-when-cross-origin","expect-ct":"max-age=2592000, report-uri=\"https://api.github.com/_private/browser/errors\"","content-security-policy":"default-src 'none'; base-uri 'self'; block-all-mixed-content; connect-src 'self' uploads.github.com www.githubstatus.com collector.githubapp.com api.github.com github-cloud.s3.amazonaws.com github-production-repository-file-5c1aeb.s3.amazonaws.com github-production-upload-manifest-file-7fdce7.s3.amazonaws.com github-production-user-asset-6210df.s3.amazonaws.com cdn.optimizely.com logx.optimizely.com/v1/events translator.github.com wss://alive.github.com; font-src github.githubassets.com; form-action 'self' github.com gist.github.com; frame-ancestors 'none'; frame-src render.githubusercontent.com render-temp.githubusercontent.com viewscreen.githubusercontent.com; img-src 'self' data: github.githubassets.com identicons.github.com collector.githubapp.com github-cloud.s3.amazonaws.com secured-user-images.githubusercontent.com/ *.githubusercontent.com; manifest-src 'self'; media-src 'none'; script-src github.githubassets.com; style-src 'unsafe-inline' github.githubassets.com; worker-src github.com/socket-worker-3f088aa2.js gist.github.com/socket-worker-3f088aa2.js","x-github-request-id":"FBE7:3C4D:4F1D6E:62149C:60D9F680"}
[debug] [2021-06-28T16:19:12.257Z] >>> [apiv2][query] GET https://api.github.com/user [none]
[debug] [2021-06-28T16:19:12.652Z] <<< [apiv2][status] GET https://api.github.com/user 200
[debug] [2021-06-28T16:19:12.653Z] <<< [apiv2][body] GET https://api.github.com/user {"login":"raghavendra5240","id":73705679,"node_id":"MDQ6VXNlcjczNzA1Njc5","avatar_url":"https://avatars.githubusercontent.com/u/73705679?v=4","gravatar_id":"","url":"https://api.github.com/users/raghavendra5240","html_url":"https://github.com/raghavendra5240","followers_url":"https://api.github.com/users/raghavendra5240/followers","following_url":"https://api.github.com/users/raghavendra5240/following{/other_user}","gists_url":"https://api.github.com/users/raghavendra5240/gists{/gist_id}","starred_url":"https://api.github.com/users/raghavendra5240/starred{/owner}{/repo}","subscriptions_url":"https://api.github.com/users/raghavendra5240/subscriptions","organizations_url":"https://api.github.com/users/raghavendra5240/orgs","repos_url":"https://api.github.com/users/raghavendra5240/repos","events_url":"https://api.github.com/users/raghavendra5240/events{/privacy}","received_events_url":"https://api.github.com/users/raghavendra5240/received_events","type":"User","site_admin":false,"name":null,"company":null,"blog":"","location":null,"email":null,"hireable":null,"bio":null,"twitter_username":null,"public_repos":7,"public_gists":0,"followers":1,"following":0,"created_at":"2020-10-30T14:21:35Z","updated_at":"2021-06-28T15:56:34Z","private_gists":0,"total_private_repos":0,"owned_private_repos":0,"disk_usage":74087,"collaborators":0,"two_factor_authentication":false,"plan":{"name":"free","space":976562499,"collaborators":0,"private_repos":10000}}
[info] 
[info] +  Success! Logged into GitHub as raghavendra5240 
[info] 
[debug] [2021-06-28T16:19:46.250Z] >>> [apiv2][query] GET https://api.github.com/repos/raghavendra5240/actions/secrets/public-key type=owner
[debug] [2021-06-28T16:19:46.253Z] >>> [apiv2][query] GET https://api.github.com/repos///actions/secrets/public-key type=owner
[debug] [2021-06-28T16:19:46.606Z] <<< [apiv2][status] GET https://api.github.com/repos///actions/secrets/public-key 404
[debug] [2021-06-28T16:19:46.606Z] <<< [apiv2][body] GET https://api.github.com/repos///actions/secrets/public-key {"message":"Not Found","documentation_url":"https://docs.github.com/rest"}
[debug] [2021-06-28T16:19:46.611Z] <<< [apiv2][status] GET https://api.github.com/repos/raghavendra5240/actions/secrets/public-key 404
[debug] [2021-06-28T16:19:46.612Z] <<< [apiv2][body] GET https://api.github.com/repos/raghavendra5240/actions/secrets/public-key {"message":"Not Found","documentation_url":"https://docs.github.com/rest"}
[debug] [2021-06-28T16:20:00.023Z] >>> [apiv2][query] GET https://api.github.com/repos/raghavendra5240/raghavendra5240/actions/secrets/public-key type=owner
[debug] [2021-06-28T16:20:00.026Z] >>> [apiv2][query] GET https://api.github.com/repos///actions/secrets/public-key type=owner
[debug] [2021-06-28T16:20:00.488Z] <<< [apiv2][status] GET https://api.github.com/repos///actions/secrets/public-key 404
[debug] [2021-06-28T16:20:00.489Z] <<< [apiv2][body] GET https://api.github.com/repos///actions/secrets/public-key {"message":"Not Found","documentation_url":"https://docs.github.com/rest"}
[debug] [2021-06-28T16:20:00.500Z] <<< [apiv2][status] GET https://api.github.com/repos/raghavendra5240/raghavendra5240/actions/secrets/public-key 404
[debug] [2021-06-28T16:20:00.500Z] <<< [apiv2][body] GET https://api.github.com/repos/raghavendra5240/raghavendra5240/actions/secrets/public-key {"message":"Not Found","documentation_url":"https://docs.github.com/rest/reference/actions#get-a-repository-public-key"}
[debug] [2021-06-28T16:20:13.578Z] >>> [apiv2][query] GET https://api.github.com/repos/amazon-cloneraghavendra5240/actions/secrets/public-key type=owner
[debug] [2021-06-28T16:20:13.580Z] >>> [apiv2][query] GET https://api.github.com/repos///actions/secrets/public-key type=owner
[debug] [2021-06-28T16:20:13.940Z] <<< [apiv2][status] GET https://api.github.com/repos///actions/secrets/public-key 404
[debug] [2021-06-28T16:20:13.940Z] <<< [apiv2][body] GET https://api.github.com/repos///actions/secrets/public-key {"message":"Not Found","documentation_url":"https://docs.github.com/rest"}
[debug] [2021-06-28T16:20:13.948Z] <<< [apiv2][status] GET https://api.github.com/repos/amazon-cloneraghavendra5240/actions/secrets/public-key 404
[debug] [2021-06-28T16:20:13.948Z] <<< [apiv2][body] GET https://api.github.com/repos/amazon-cloneraghavendra5240/actions/secrets/public-key {"message":"Not Found","documentation_url":"https://docs.github.com/rest"}
[debug] [2021-06-28T16:20:27.508Z] >>> [apiv2][query] GET https://api.github.com/repos/raghavendra5240/amazom-clone/actions/secrets/public-key type=owner
[debug] [2021-06-28T16:20:27.871Z] <<< [apiv2][status] GET https://api.github.com/repos/raghavendra5240/amazom-clone/actions/secrets/public-key 404
[debug] [2021-06-28T16:20:27.871Z] <<< [apiv2][body] GET https://api.github.com/repos/raghavendra5240/amazom-clone/actions/secrets/public-key {"message":"Not Found","documentation_url":"https://docs.github.com/rest/reference/actions#get-a-repository-public-key"}
[debug] [2021-06-28T16:20:38.790Z] >>> [apiv2][query] GET https://api.github.com/repos/raghavendra5240/actions/secrets/public-key type=owner
[debug] [2021-06-28T16:20:38.791Z] >>> [apiv2][query] GET https://api.github.com/repos///actions/secrets/public-key type=owner
[debug] [2021-06-28T16:20:39.377Z] <<< [apiv2][status] GET https://api.github.com/repos/raghavendra5240/actions/secrets/public-key 404
[debug] [2021-06-28T16:20:39.378Z] <<< [apiv2][body] GET https://api.github.com/repos/raghavendra5240/actions/secrets/public-key {"message":"Not Found","documentation_url":"https://docs.github.com/rest"}
[debug] [2021-06-28T16:20:39.495Z] <<< [apiv2][status] GET https://api.github.com/repos///actions/secrets/public-key 404
[debug] [2021-06-28T16:20:39.495Z] <<< [apiv2][body] GET https://api.github.com/repos///actions/secrets/public-key {"message":"Not Found","documentation_url":"https://docs.github.com/rest"}
